<?xml version="1.0" encoding="UTF-8"?>
<testng-results ignored="0" total="1" passed="1" failed="0" skipped="0">
  <reporter-output>
  </reporter-output>
  <suite started-at="2021-12-24T07:11:55 IST" name="Default suite" finished-at="2021-12-24T07:13:31 IST" duration-ms="95299">
    <groups>
    </groups>
    <test started-at="2021-12-24T07:11:55 IST" name="Default test" finished-at="2021-12-24T07:13:31 IST" duration-ms="95299">
      <class name="seleniumChrome.WindowHanding1">
        <test-method signature="open()[pri:0, instance:seleniumChrome.WindowHanding1@514646ef]" started-at="2021-12-24T07:11:55 IST" name="open" finished-at="2021-12-24T07:13:30 IST" duration-ms="95158" status="PASS">
          <reporter-output>
          </reporter-output>
        </test-method> <!-- open -->
      </class> <!-- seleniumChrome.WindowHanding1 -->
    </test> <!-- Default test -->
  </suite> <!-- Default suite -->
</testng-results>
